SF:lib/src/sentry_query_executor.dart
DA:49,1
DA:54,1
DA:56,1
DA:57,3
DA:61,1
DA:63,1
DA:64,2
DA:67,1
DA:69,2
DA:70,1
DA:72,1
DA:73,1
DA:77,0
DA:79,0
DA:80,0
DA:81,0
DA:82,0
DA:84,0
DA:88,1
DA:90,2
DA:91,2
DA:92,1
DA:93,2
DA:95,1
DA:99,1
DA:101,2
DA:103,1
DA:104,2
DA:106,1
DA:110,1
DA:112,2
DA:114,1
DA:115,2
DA:117,1
DA:121,1
DA:123,2
DA:125,1
DA:126,2
DA:128,1
DA:132,1
DA:137,2
DA:139,1
DA:140,2
DA:142,1
DA:146,1
DA:148,2
DA:150,1
DA:151,2
DA:153,1
DA:157,1
DA:159,2
DA:160,2
DA:161,1
DA:162,2
DA:164,1
DA:168,1
DA:169,2
LF:57
LH:51
end_of_record
SF:lib/src/sentry_transaction_executor.dart
DA:21,1
DA:24,3
DA:25,1
DA:28,1
DA:30,2
DA:32,1
DA:33,2
DA:35,1
DA:39,1
DA:41,3
DA:42,2
DA:46,1
DA:48,3
DA:49,2
DA:53,1
DA:54,2
DA:56,1
DA:58,2
DA:61,1
DA:63,2
DA:65,1
DA:66,2
DA:68,1
DA:72,0
DA:74,0
DA:77,0
DA:79,0
DA:82,1
DA:84,2
DA:87,0
DA:92,0
DA:95,0
DA:97,0
DA:100,0
DA:101,0
LF:35
LH:25
end_of_record
SF:lib/src/sentry_span_helper.dart
DA:17,1
DA:20,1
DA:21,1
DA:25,1
DA:31,2
DA:32,1
DA:38,2
DA:40,1
DA:46,1
DA:50,1
DA:51,2
DA:55,1
DA:56,2
DA:60,1
DA:69,1
DA:75,2
DA:76,1
DA:82,2
DA:84,1
DA:90,1
DA:94,1
DA:95,2
DA:99,1
DA:100,2
DA:104,1
DA:109,1
DA:115,1
DA:116,3
DA:120,0
DA:121,0
DA:125,2
DA:126,1
DA:131,1
DA:137,1
DA:138,3
DA:142,0
DA:143,0
DA:147,2
DA:148,1
LF:39
LH:35
end_of_record
