SF:lib/src/file_system_transport.dart
DA:7,1
DA:13,1
DA:14,1
DA:15,2
DA:16,3
DA:19,1
DA:21,1
DA:23,1
DA:26,1
DA:29,1
DA:30,1
DA:31,1
DA:33,1
DA:35,3
DA:37,3
DA:39,1
DA:41,1
DA:44,1
LF:18
LH:18
end_of_record
SF:lib/src/default_integrations.dart
DA:10,1
DA:11,1
DA:13,3
DA:15,2
DA:18,1
DA:19,1
DA:20,0
DA:21,0
DA:28,1
DA:33,3
DA:37,3
DA:38,1
DA:39,1
DA:43,1
DA:44,1
DA:49,2
DA:54,1
DA:55,1
DA:57,1
DA:58,2
DA:59,2
DA:64,2
DA:66,1
DA:71,3
DA:75,1
DA:82,2
DA:86,1
DA:89,1
DA:90,2
DA:91,1
DA:92,1
DA:95,1
DA:97,1
DA:102,2
DA:105,2
DA:116,2
DA:120,2
DA:121,2
DA:122,1
DA:124,1
DA:125,2
DA:127,1
DA:128,1
DA:129,2
DA:131,2
DA:133,1
DA:134,1
DA:136,1
DA:137,3
DA:138,1
DA:139,1
DA:144,1
DA:147,1
DA:149,2
DA:150,2
DA:151,2
DA:152,1
DA:155,1
DA:156,2
DA:157,1
DA:158,3
DA:159,1
DA:162,2
DA:164,1
DA:172,4
DA:179,1
DA:180,1
DA:182,3
DA:183,1
DA:184,1
DA:185,1
DA:186,1
DA:187,1
DA:188,1
DA:189,1
DA:191,1
DA:192,1
DA:193,2
DA:195,6
DA:196,2
DA:197,1
DA:198,1
DA:199,1
DA:200,1
DA:201,1
DA:204,2
DA:206,2
DA:208,1
LF:88
LH:86
end_of_record
SF:lib/src/sentry_flutter.dart
DA:18,0
DA:24,0
DA:25,0
DA:32,0
DA:36,0
DA:44,0
DA:46,0
DA:50,0
DA:56,0
DA:61,0
DA:63,0
DA:69,0
DA:71,0
DA:73,0
DA:76,0
DA:83,0
DA:86,0
DA:88,0
DA:89,0
DA:91,0
DA:92,0
DA:96,0
DA:98,0
DA:99,0
DA:101,0
DA:104,0
DA:105,0
DA:111,0
DA:120,0
DA:124,0
DA:130,0
DA:133,0
DA:134,0
DA:138,0
DA:141,0
DA:143,0
DA:146,0
DA:147,0
DA:149,0
DA:150,0
DA:161,0
DA:162,0
DA:166,0
LF:43
LH:0
end_of_record
